Compilazione avviata 18/03/2012 17:16:27.
     1>Progetto "H:\DROP_BOX\Dropbox\MASTER_PRIVATO\C++\HomeWork\STL_list\SList\SList\SList.vcxproj" sul nodo 2 (destinazioni: build).
     1>InitializeBuildStatus:
         Aggiornamento timestamp di "Debug\SList.unsuccessfulbuild".
       ClCompile:
         C:\Program Files (x86)\Microsoft Visual Studio 10.0\VC\bin\CL.exe /c /ZI /nologo /W3 /WX- /Od /Oy- /D _MBCS /Gm /EHsc /RTC1 /MDd /GS /fp:precise /Zc:wchar_t /Zc:forScope /Fo"Debug\\" /Fd"Debug\vc100.pdb" /Gd /TP /analyze- /errorReport:prompt main.cpp
         main.cpp
       Link:
         C:\Program Files (x86)\Microsoft Visual Studio 10.0\VC\bin\link.exe /ERRORREPORT:PROMPT /OUT:"H:\DROP_BOX\Dropbox\MASTER_PRIVATO\C++\HomeWork\STL_list\SList\Debug\SList.exe" /NOLOGO kernel32.lib user32.lib gdi32.lib winspool.lib comdlg32.lib advapi32.lib shell32.lib ole32.lib oleaut32.lib uuid.lib odbc32.lib odbccp32.lib /MANIFEST /ManifestFile:"Debug\SList.exe.intermediate.manifest" /MANIFESTUAC:"level='asInvoker' uiAccess='false'" /DEBUG /PDB:"H:\DROP_BOX\Dropbox\MASTER_PRIVATO\C++\HomeWork\STL_list\SList\Debug\SList.pdb" /TLBID:1 /DYNAMICBASE /NXCOMPAT /IMPLIB:"H:\DROP_BOX\Dropbox\MASTER_PRIVATO\C++\HomeWork\STL_list\SList\Debug\SList.lib" /MACHINE:X86 Debug\main.obj
         LINK : H:\DROP_BOX\Dropbox\MASTER_PRIVATO\C++\HomeWork\STL_list\SList\Debug\SList.exe non trovato o non compilato dall'ultimo collegamento incrementale; verrà eseguito il collegamento completo
            Creazione della libreria H:\DROP_BOX\Dropbox\MASTER_PRIVATO\C++\HomeWork\STL_list\SList\Debug\SList.lib e dell'oggetto H:\DROP_BOX\Dropbox\MASTER_PRIVATO\C++\HomeWork\STL_list\SList\Debug\SList.exp in corso...
         SList.vcxproj -> H:\DROP_BOX\Dropbox\MASTER_PRIVATO\C++\HomeWork\STL_list\SList\Debug\SList.exe
       Manifest:
         C:\Program Files (x86)\Microsoft SDKs\Windows\v7.0A\bin\mt.exe /nologo /verbose /outputresource:"H:\DROP_BOX\Dropbox\MASTER_PRIVATO\C++\HomeWork\STL_list\SList\Debug\SList.exe;#1" /manifest Debug\SList.exe.intermediate.manifest
       FinalizeBuildStatus:
         Eliminazione del file "Debug\SList.unsuccessfulbuild" in corso.
         Aggiornamento timestamp di "Debug\SList.lastbuildstate".
     1>Compilazione progetto "H:\DROP_BOX\Dropbox\MASTER_PRIVATO\C++\HomeWork\STL_list\SList\SList\SList.vcxproj" (destinazioni: build) completata.

Compilazione completata.

Tempo trascorso 00:00:01.24
